<?xml version="1.0" encoding="UTF-8"?>
<coverage generated="1724289757066" clover="3.2.0">
  <project timestamp="1724289757066" name="All files">
    <metrics statements="26" coveredstatements="9" conditionals="8" coveredconditionals="1" methods="4" coveredmethods="2" elements="38" coveredelements="12" complexity="0" loc="26" ncloc="26" packages="1" files="1" classes="1"/>
    <file name="db.ts" path="C:\Users\USER\Documents\Web development\user-management-system\src\config\db.ts">
      <metrics statements="26" coveredstatements="9" conditionals="8" coveredconditionals="1" methods="4" coveredmethods="2"/>
      <line num="1" count="1" type="stmt"/>
      <line num="2" count="1" type="stmt"/>
      <line num="3" count="1" type="stmt"/>
      <line num="6" count="1" type="stmt"/>
      <line num="13" count="1" type="stmt"/>
      <line num="15" count="2" type="stmt"/>
      <line num="16" count="2" type="cond" truecount="1" falsecount="1"/>
      <line num="18" count="2" type="stmt"/>
      <line num="19" count="0" type="stmt"/>
      <line num="20" count="0" type="stmt"/>
      <line num="21" count="0" type="stmt"/>
      <line num="22" count="0" type="stmt"/>
      <line num="25" count="0" type="stmt"/>
      <line num="26" count="0" type="cond" truecount="0" falsecount="1"/>
      <line num="27" count="0" type="stmt"/>
      <line num="29" count="0" type="stmt"/>
      <line num="30" count="0" type="stmt"/>
      <line num="31" count="0" type="stmt"/>
      <line num="34" count="0" type="stmt"/>
      <line num="35" count="0" type="stmt"/>
      <line num="38" count="1" type="stmt"/>
      <line num="39" count="0" type="cond" truecount="0" falsecount="4"/>
      <line num="40" count="0" type="stmt"/>
      <line num="41" count="0" type="stmt"/>
      <line num="42" count="0" type="cond" truecount="0" falsecount="1"/>
      <line num="43" count="0" type="stmt"/>
    </file>
  </project>
</coverage>
