{"C:\\Users\\USER\\Documents\\Web development\\user-management-system\\src\\config\\db.ts": {"path":"C:\\Users\\USER\\Documents\\Web development\\user-management-system\\src\\config\\db.ts","statementMap":{"0":{"start":{"line":1,"column":0},"end":{"line":1,"column":54}},"1":{"start":{"line":2,"column":0},"end":{"line":2,"column":58}},"2":{"start":{"line":3,"column":0},"end":{"line":3,"column":28}},"3":{"start":{"line":6,"column":0},"end":{"line":6,"column":16}},"4":{"start":{"line":13,"column":28},"end":{"line":13,"column":59}},"5":{"start":{"line":15,"column":33},"end":{"line":36,"column":2}},"6":{"start":{"line":15,"column":59},"end":{"line":36,"column":2}},"7":{"start":{"line":16,"column":2},"end":{"line":32,"column":3}},"8":{"start":{"line":18,"column":4},"end":{"line":18,"column":51}},"9":{"start":{"line":19,"column":16},"end":{"line":19,"column":36}},"10":{"start":{"line":20,"column":4},"end":{"line":20,"column":34}},"11":{"start":{"line":21,"column":4},"end":{"line":21,"column":27}},"12":{"start":{"line":22,"column":4},"end":{"line":22,"column":27}},"13":{"start":{"line":25,"column":16},"end":{"line":25,"column":37}},"14":{"start":{"line":26,"column":4},"end":{"line":28,"column":5}},"15":{"start":{"line":27,"column":6},"end":{"line":27,"column":52}},"16":{"start":{"line":29,"column":4},"end":{"line":29,"column":34}},"17":{"start":{"line":30,"column":4},"end":{"line":30,"column":27}},"18":{"start":{"line":31,"column":4},"end":{"line":31,"column":27}},"19":{"start":{"line":34,"column":2},"end":{"line":34,"column":43}},"20":{"start":{"line":35,"column":2},"end":{"line":35,"column":38}},"21":{"start":{"line":15,"column":13},"end":{"line":15,"column":33}},"22":{"start":{"line":38,"column":29},"end":{"line":45,"column":2}},"23":{"start":{"line":38,"column":55},"end":{"line":45,"column":2}},"24":{"start":{"line":39,"column":2},"end":{"line":44,"column":3}},"25":{"start":{"line":40,"column":4},"end":{"line":40,"column":25}},"26":{"start":{"line":41,"column":4},"end":{"line":41,"column":29}},"27":{"start":{"line":42,"column":9},"end":{"line":44,"column":3}},"28":{"start":{"line":43,"column":4},"end":{"line":43,"column":25}},"29":{"start":{"line":38,"column":13},"end":{"line":38,"column":29}}},"fnMap":{"0":{"name":"(anonymous_8)","decl":{"start":{"line":15,"column":33},"end":{"line":15,"column":57}},"loc":{"start":{"line":15,"column":59},"end":{"line":36,"column":2}}},"1":{"name":"(anonymous_9)","decl":{"start":{"line":15,"column":59},"end":{"line":15,"column":null}},"loc":{"start":{"line":15,"column":59},"end":{"line":36,"column":1}}},"2":{"name":"(anonymous_10)","decl":{"start":{"line":38,"column":29},"end":{"line":38,"column":53}},"loc":{"start":{"line":38,"column":55},"end":{"line":45,"column":2}}},"3":{"name":"(anonymous_11)","decl":{"start":{"line":38,"column":55},"end":{"line":38,"column":null}},"loc":{"start":{"line":38,"column":55},"end":{"line":45,"column":1}}}},"branchMap":{"0":{"loc":{"start":{"line":16,"column":2},"end":{"line":32,"column":3}},"type":"if","locations":[{"start":{"line":16,"column":2},"end":{"line":32,"column":3}},{"start":{"line":23,"column":9},"end":{"line":32,"column":3}}]},"1":{"loc":{"start":{"line":26,"column":4},"end":{"line":28,"column":5}},"type":"if","locations":[{"start":{"line":26,"column":4},"end":{"line":28,"column":5}}]},"2":{"loc":{"start":{"line":39,"column":2},"end":{"line":44,"column":3}},"type":"if","locations":[{"start":{"line":39,"column":2},"end":{"line":44,"column":3}},{"start":{"line":42,"column":9},"end":{"line":44,"column":3}}]},"3":{"loc":{"start":{"line":39,"column":6},"end":{"line":39,"column":40}},"type":"binary-expr","locations":[{"start":{"line":39,"column":6},"end":{"line":39,"column":25}},{"start":{"line":39,"column":29},"end":{"line":39,"column":40}}]},"4":{"loc":{"start":{"line":42,"column":9},"end":{"line":44,"column":3}},"type":"if","locations":[{"start":{"line":42,"column":9},"end":{"line":44,"column":3}}]}},"s":{"0":1,"1":1,"2":1,"3":1,"4":1,"5":1,"6":2,"7":2,"8":2,"9":0,"10":0,"11":0,"12":0,"13":0,"14":0,"15":0,"16":0,"17":0,"18":0,"19":0,"20":0,"21":1,"22":1,"23":0,"24":0,"25":0,"26":0,"27":0,"28":0,"29":1},"f":{"0":2,"1":2,"2":0,"3":0},"b":{"0":[2,0],"1":[0],"2":[0,0],"3":[0,0],"4":[0]}}
}
